2022.09.05 22:00:50 INFO  tracing is disabled for protocol LSP, to enable tracing of incoming and outgoing JSON messages create an empty file at c:\Users\Nipunika\Documents\Scala\tutorial06\.metals\lsp.trace.json or C:\Users\Nipunika\AppData\Local\scalameta\metals\cache\lsp.trace.json
2022.09.05 22:01:22 INFO  logging to file C:\Users\Nipunika\Documents\Scala\tutorial06\.metals\metals.log
2022.09.05 22:01:22 INFO  Started: Metals version 0.11.8 in workspace 'C:\Users\Nipunika\Documents\Scala\tutorial06' for client Visual Studio Code 1.70.2.
2022.09.05 22:01:31 WARN  Flyway upgrade recommended: H2 2.1.214 is newer than this version of Flyway and support has not been tested. The latest supported version of H2 is 2.1.210.
2022.09.05 22:01:32 INFO  time: initialize in 10s
2022.09.05 22:01:33 WARN  Build server is not auto-connectable.
2022.09.05 22:01:33 WARN  no build tool detected in workspace 'C:\Users\Nipunika\Documents\Scala\tutorial06'. The most common cause for this problem is that the editor was opened in the wrong working directory, for example if you use sbt then the workspace directory should contain build.sbt. 
2022.09.05 22:01:33 WARN  no build target for: C:\Users\Nipunika\Documents\Scala\tutorial06\a.scala
2022.09.05 22:01:43 INFO  no build target found for C:\Users\Nipunika\Documents\Scala\tutorial06\a.scala. Using presentation compiler with project's scala-library version: 3.1.3
2022.09.05 22:01:51 INFO  time: code lens generation in 13s
2022.09.05 22:16:46 WARN  no build target for: C:\Users\Nipunika\Documents\Scala\tutorial06\a.scala
2022.09.05 22:16:50 INFO  time: code lens generation in 4.49s
Sep 05, 2022 11:18:52 PM org.eclipse.lsp4j.jsonrpc.RemoteEndpoint handleCancellation
WARNING: Unmatched cancel notification for request id 228
Sep 05, 2022 11:19:08 PM org.eclipse.lsp4j.jsonrpc.RemoteEndpoint handleCancellation
WARNING: Unmatched cancel notification for request id 229
2022.09.05 23:19:15 WARN  no build target for: C:\Users\Nipunika\Documents\Scala\tutorial06\a.scala
2022.09.05 23:19:15 INFO  time: code lens generation in 1m2s
2022.09.05 23:19:31 INFO  time: code lens generation in 1m12s
2022.09.05 23:19:51 INFO  time: code lens generation in 1m45s
2022.09.05 23:20:02 INFO  shutting down Metals
2022.09.05 23:20:11 INFO  time: code lens generation in 54s
2022.09.06 06:55:23 INFO  tracing is disabled for protocol LSP, to enable tracing of incoming and outgoing JSON messages create an empty file at c:\Users\Nipunika\Documents\Scala\tutorial06\.metals\lsp.trace.json or C:\Users\Nipunika\AppData\Local\scalameta\metals\cache\lsp.trace.json
2022.09.06 06:55:36 INFO  logging to file C:\Users\Nipunika\Documents\Scala\tutorial06\.metals\metals.log
2022.09.06 06:55:36 INFO  Started: Metals version 0.11.8 in workspace 'C:\Users\Nipunika\Documents\Scala\tutorial06' for client Visual Studio Code 1.70.2.
2022.09.06 06:55:56 WARN  Flyway upgrade recommended: H2 2.1.214 is newer than this version of Flyway and support has not been tested. The latest supported version of H2 is 2.1.210.
2022.09.06 06:55:58 INFO  time: initialize in 22s
2022.09.06 06:56:03 WARN  Build server is not auto-connectable.
2022.09.06 06:56:03 WARN  no build tool detected in workspace 'C:\Users\Nipunika\Documents\Scala\tutorial06'. The most common cause for this problem is that the editor was opened in the wrong working directory, for example if you use sbt then the workspace directory should contain build.sbt. 
2022.09.06 06:56:03 WARN  no build target for: C:\Users\Nipunika\Documents\Scala\tutorial06\a.scala
2022.09.06 06:56:20 INFO  no build target found for C:\Users\Nipunika\Documents\Scala\tutorial06\a.scala. Using presentation compiler with project's scala-library version: 3.1.3
2022.09.06 06:56:34 INFO  time: code lens generation in 31s
2022.09.06 07:12:45 WARN  no build target for: C:\Users\Nipunika\Documents\Scala\tutorial06\a.scala
2022.09.06 07:45:04 INFO  time: code lens generation in 9.2s
